<?xml version="1.0" encoding="UTF-8"?>
<testsuite xmlns:xsi="http://www.w3.org/2001/XMLSchema-instance" xsi:noNamespaceSchemaLocation="https://maven.apache.org/surefire/maven-surefire-plugin/xsd/surefire-test-report-3.0.xsd" version="3.0" name="TestSuite" time="0.759" tests="9" errors="0" skipped="0" failures="0">
  <properties>
[...]
</properties>
  <testcase name="TestClassadd" classname="com.qa.tests.TestClass" time="0.025">
    <system-out><![CDATA[Add Method]]></system-out>
  </testcase>
  <testcase name="TestClassmul" classname="com.qa.tests.TestClass" time="0">
    <system-out><![CDATA[mul Method]]></system-out>
  </testcase>
  <testcase name="TestClasssub" classname="com.qa.tests.TestClass" time="0">
    <system-out><![CDATA[sub Method]]></system-out>
  </testcase>
  <testcase name="TestClass1add" classname="com.qa.tests.TestClass1" time="0">
    <system-out><![CDATA[Add Method]]></system-out>
  </testcase>
  <testcase name="TestClass1mul" classname="com.qa.tests.TestClass1" time="0">
    <system-out><![CDATA[mul Method]]></system-out>
  </testcase>
  <testcase name="TestClass1sub" classname="com.qa.tests.TestClass1" time="0">
    <system-out><![CDATA[sub Method]]></system-out>
  </testcase>
  <testcase name="TestClass2add" classname="com.qa.tests.TestClass2" time="0.008">
    <system-out><![CDATA[Add Method]]></system-out>
  </testcase>
  <testcase name="TestClass2mul" classname="com.qa.tests.TestClass2" time="0">
    <system-out><![CDATA[mul Method]]></system-out>
  </testcase>
  <testcase name="TestClass2sub" classname="com.qa.tests.TestClass2" time="0">
    <system-out><![CDATA[sub Method]]></system-out>
  </testcase>
</testsuite>