<?xml version="1.0" encoding="UTF-8"?>
<testng-results ignored="0" total="9" passed="9" failed="0" skipped="0">
  <reporter-output>
  </reporter-output>
  <suite started-at="2020-06-21T17:36:06 IST" name="All Test Suite" finished-at="2020-06-21T17:36:06 IST" duration-ms="66">
    <groups>
    </groups>
    <test started-at="2020-06-21T17:36:06 IST" name="All" finished-at="2020-06-21T17:36:06 IST" duration-ms="66">
      <class name="com.qa.tests.TestClass">
        <test-method signature="TestClassadd()[pri:0, instance:com.qa.tests.TestClass@6b4a4e18]" started-at="2020-06-21T17:36:06 IST" name="TestClassadd" finished-at="2020-06-21T17:36:06 IST" duration-ms="17" status="PASS">
          <reporter-output>
          </reporter-output>
        </test-method> <!-- TestClassadd -->
        <test-method signature="TestClassmul()[pri:0, instance:com.qa.tests.TestClass@6b4a4e18]" started-at="2020-06-21T17:36:06 IST" name="TestClassmul" finished-at="2020-06-21T17:36:06 IST" duration-ms="0" status="PASS">
          <reporter-output>
          </reporter-output>
        </test-method> <!-- TestClassmul -->
        <test-method signature="TestClasssub()[pri:0, instance:com.qa.tests.TestClass@6b4a4e18]" started-at="2020-06-21T17:36:06 IST" name="TestClasssub" finished-at="2020-06-21T17:36:06 IST" duration-ms="0" status="PASS">
          <reporter-output>
          </reporter-output>
        </test-method> <!-- TestClasssub -->
      </class> <!-- com.qa.tests.TestClass -->
      <class name="com.qa.tests.TestClass2">
        <test-method signature="TestClass2add()[pri:0, instance:com.qa.tests.TestClass2@197d671]" started-at="2020-06-21T17:36:06 IST" name="TestClass2add" finished-at="2020-06-21T17:36:06 IST" duration-ms="0" status="PASS">
          <reporter-output>
          </reporter-output>
        </test-method> <!-- TestClass2add -->
        <test-method signature="TestClass2mul()[pri:0, instance:com.qa.tests.TestClass2@197d671]" started-at="2020-06-21T17:36:06 IST" name="TestClass2mul" finished-at="2020-06-21T17:36:06 IST" duration-ms="0" status="PASS">
          <reporter-output>
          </reporter-output>
        </test-method> <!-- TestClass2mul -->
        <test-method signature="TestClass2sub()[pri:0, instance:com.qa.tests.TestClass2@197d671]" started-at="2020-06-21T17:36:06 IST" name="TestClass2sub" finished-at="2020-06-21T17:36:06 IST" duration-ms="0" status="PASS">
          <reporter-output>
          </reporter-output>
        </test-method> <!-- TestClass2sub -->
      </class> <!-- com.qa.tests.TestClass2 -->
      <class name="com.qa.tests.TestClass1">
        <test-method signature="TestClass1add()[pri:0, instance:com.qa.tests.TestClass1@27c86f2d]" started-at="2020-06-21T17:36:06 IST" name="TestClass1add" finished-at="2020-06-21T17:36:06 IST" duration-ms="0" status="PASS">
          <reporter-output>
          </reporter-output>
        </test-method> <!-- TestClass1add -->
        <test-method signature="TestClass1sub()[pri:0, instance:com.qa.tests.TestClass1@27c86f2d]" started-at="2020-06-21T17:36:06 IST" name="TestClass1sub" finished-at="2020-06-21T17:36:06 IST" duration-ms="0" status="PASS">
          <reporter-output>
          </reporter-output>
        </test-method> <!-- TestClass1sub -->
        <test-method signature="TestClass1mul()[pri:0, instance:com.qa.tests.TestClass1@27c86f2d]" started-at="2020-06-21T17:36:06 IST" name="TestClass1mul" finished-at="2020-06-21T17:36:06 IST" duration-ms="0" status="PASS">
          <reporter-output>
          </reporter-output>
        </test-method> <!-- TestClass1mul -->
      </class> <!-- com.qa.tests.TestClass1 -->
    </test> <!-- All -->
  </suite> <!-- All Test Suite -->
</testng-results>
