<?xml version="1.0" encoding="UTF-8"?>
<!-- Generated by org.testng.reporters.JUnitXMLReporter -->
<testsuite ignored="0" hostname="DESKTOP-2A8MOMO" failures="0" tests="9" name="All" time="0.066" errors="0" timestamp="2020-06-21T17:36:06 IST">
  <testcase classname="com.qa.tests.TestClass" name="TestClassadd" time="0.017"/>
  <testcase classname="com.qa.tests.TestClass" name="TestClassmul" time="0.0"/>
  <testcase classname="com.qa.tests.TestClass" name="TestClasssub" time="0.0"/>
  <testcase classname="com.qa.tests.TestClass1" name="TestClass1add" time="0.0"/>
  <testcase classname="com.qa.tests.TestClass1" name="TestClass1mul" time="0.0"/>
  <testcase classname="com.qa.tests.TestClass1" name="TestClass1sub" time="0.0"/>
  <testcase classname="com.qa.tests.TestClass2" name="TestClass2add" time="0.0"/>
  <testcase classname="com.qa.tests.TestClass2" name="TestClass2mul" time="0.0"/>
  <testcase classname="com.qa.tests.TestClass2" name="TestClass2sub" time="0.0"/>
</testsuite> <!-- All -->
